<?xml version="1.0" encoding="UTF-8"?>
<testng-results ignored="0" total="2" passed="2" failed="0" skipped="0">
  <reporter-output>
  </reporter-output>
  <suite started-at="2022-08-24T15:01:58 IST" name="Default suite" finished-at="2022-08-24T15:01:58 IST" duration-ms="84">
    <groups>
    </groups>
    <test started-at="2022-08-24T15:01:58 IST" name="Default test" finished-at="2022-08-24T15:01:58 IST" duration-ms="84">
      <class name="Demo2.test2">
        <test-method signature="test2method1()[pri:0, instance:Demo2.test2@78aab498]" started-at="2022-08-24T15:01:58 IST" name="test2method1" finished-at="2022-08-24T15:01:58 IST" duration-ms="21" status="PASS">
          <reporter-output>
          </reporter-output>
        </test-method> <!-- test2method1 -->
        <test-method signature="test2method2()[pri:0, instance:Demo2.test2@78aab498]" started-at="2022-08-24T15:01:58 IST" name="test2method2" finished-at="2022-08-24T15:01:58 IST" duration-ms="2" status="PASS">
          <reporter-output>
          </reporter-output>
        </test-method> <!-- test2method2 -->
      </class> <!-- Demo2.test2 -->
    </test> <!-- Default test -->
  </suite> <!-- Default suite -->
</testng-results>
